2022-03-10 15:40:02 default [main] INFO  c.jiang.eureka.JiangEurekaServiceApp 652 - The following profiles are active: local
2022-03-10 15:40:02 default [main] WARN  o.s.boot.actuate.endpoint.EndpointId 131 - Endpoint ID 'service-registry' contains invalid characters, please migrate to a valid format.
2022-03-10 15:40:02 default [main] INFO  o.s.cloud.context.scope.GenericScope 295 - BeanFactory id=84c1aad1-c8de-34b8-9c44-dff0aecd6f06
2022-03-10 15:40:02 default [main] INFO  o.s.b.w.e.tomcat.TomcatWebServer 90 - Tomcat initialized with port(s): 8088 (http)
2022-03-10 15:40:02 default [main] INFO  o.a.catalina.core.StandardService 173 - Starting service [Tomcat]
2022-03-10 15:40:02 default [main] INFO  o.a.catalina.core.StandardEngine 173 - Starting Servlet engine: [Apache Tomcat/9.0.34]
2022-03-10 15:40:02 default [main] INFO  o.a.c.c.C.[Tomcat].[localhost].[/] 173 - Initializing Spring embedded WebApplicationContext
2022-03-10 15:40:02 default [main] INFO  o.s.web.context.ContextLoader 284 - Root WebApplicationContext: initialization completed in 876 ms
2022-03-10 15:40:03 default [main] WARN  c.n.c.sources.URLConfigurationSource 121 - No URLs will be polled as dynamic configuration sources.
2022-03-10 15:40:03 default [main] INFO  c.n.c.sources.URLConfigurationSource 122 - To enable URLs as dynamic configuration sources, define System property archaius.configurationSource.additionalUrls or make config.properties available on classpath.
2022-03-10 15:40:03 default [main] INFO  c.n.config.DynamicPropertyFactory 281 - DynamicPropertyFactory is initialized with configuration sources: com.netflix.config.ConcurrentCompositeConfiguration@1a6dc589
2022-03-10 15:40:03 default [main] INFO  c.s.j.s.i.a.WebApplicationImpl 815 - Initiating Jersey application, version 'Jersey: 1.19.1 03/11/2016 02:08 PM'
2022-03-10 15:40:03 default [main] INFO  c.n.d.p.DiscoveryJerseyProvider 70 - Using JSON encoding codec LegacyJacksonJson
2022-03-10 15:40:03 default [main] INFO  c.n.d.p.DiscoveryJerseyProvider 71 - Using JSON decoding codec LegacyJacksonJson
2022-03-10 15:40:03 default [main] INFO  c.n.d.p.DiscoveryJerseyProvider 80 - Using XML encoding codec XStreamXml
2022-03-10 15:40:03 default [main] INFO  c.n.d.p.DiscoveryJerseyProvider 81 - Using XML decoding codec XStreamXml
2022-03-10 15:40:03 default [main] INFO  o.s.s.web.DefaultSecurityFilterChain 43 - Creating filter chain: any request, [org.springframework.security.web.context.request.async.WebAsyncManagerIntegrationFilter@496cedbb, org.springframework.security.web.context.SecurityContextPersistenceFilter@2b9e69fb, org.springframework.security.web.header.HeaderWriterFilter@a323a5b, org.springframework.security.web.authentication.logout.LogoutFilter@3d512652, org.springframework.security.web.authentication.www.BasicAuthenticationFilter@762bf32d, org.springframework.security.web.savedrequest.RequestCacheAwareFilter@2c579202, org.springframework.security.web.servletapi.SecurityContextHolderAwareRequestFilter@2b9aeedb, org.springframework.security.web.authentication.AnonymousAuthenticationFilter@6b6def36, org.springframework.security.web.session.SessionManagementFilter@650a1aff, org.springframework.security.web.access.ExceptionTranslationFilter@5cf0673d, org.springframework.security.web.access.intercept.FilterSecurityInterceptor@72a7aa4f]
2022-03-10 15:40:03 default [main] WARN  c.n.c.sources.URLConfigurationSource 121 - No URLs will be polled as dynamic configuration sources.
2022-03-10 15:40:03 default [main] INFO  c.n.c.sources.URLConfigurationSource 122 - To enable URLs as dynamic configuration sources, define System property archaius.configurationSource.additionalUrls or make config.properties available on classpath.
2022-03-10 15:40:03 default [main] INFO  o.s.s.c.ThreadPoolTaskExecutor 171 - Initializing ExecutorService 'applicationTaskExecutor'
2022-03-10 15:40:04 default [main] INFO  o.s.c.n.eureka.InstanceInfoFactory 72 - Setting initial instance status as: STARTING
2022-03-10 15:40:04 default [main] INFO  c.netflix.discovery.DiscoveryClient 365 - Initializing Eureka in region us-east-1
2022-03-10 15:40:04 default [main] INFO  c.netflix.discovery.DiscoveryClient 368 - Client configured to neither register nor query for data.
2022-03-10 15:40:04 default [main] INFO  c.netflix.discovery.DiscoveryClient 381 - Discovery Client initialized at timestamp 1646898004198 with initial instances count: 0
2022-03-10 15:40:04 default [main] INFO  c.n.e.DefaultEurekaServerContext 63 - Initializing ...
2022-03-10 15:40:04 default [main] WARN  c.n.eureka.cluster.PeerEurekaNodes 155 - The replica size seems to be empty. Check the route 53 DNS Registry
2022-03-10 15:40:04 default [main] INFO  c.n.e.r.AbstractInstanceRegistry 151 - Finished initializing remote region registries. All known remote regions: []
2022-03-10 15:40:04 default [main] INFO  c.n.e.DefaultEurekaServerContext 70 - Initialized
2022-03-10 15:40:04 default [main] INFO  o.s.b.a.e.web.EndpointLinksResolver 58 - Exposing 2 endpoint(s) beneath base path '/actuator'
2022-03-10 15:40:04 default [main] INFO  o.s.c.n.e.s.EurekaServiceRegistry 41 - Registering application EUREKA-SERVICE with eureka with status UP
2022-03-10 15:40:04 default [Thread-15] INFO  o.s.c.n.e.s.EurekaServerBootstrap 110 - Setting the eureka configuration..
2022-03-10 15:40:04 default [Thread-15] INFO  o.s.c.n.e.s.EurekaServerBootstrap 115 - Eureka data center value eureka.datacenter is not set, defaulting to default
2022-03-10 15:40:04 default [Thread-15] INFO  o.s.c.n.e.s.EurekaServerBootstrap 129 - Eureka environment value eureka.environment is not set, defaulting to test
2022-03-10 15:40:04 default [Thread-15] INFO  o.s.c.n.e.s.EurekaServerBootstrap 188 - isAws returned false
2022-03-10 15:40:04 default [Thread-15] INFO  o.s.c.n.e.s.EurekaServerBootstrap 153 - Initialized server context
2022-03-10 15:40:04 default [Thread-15] INFO  c.n.e.r.PeerAwareInstanceRegistryImpl 241 - Got 1 instances from neighboring DS node
2022-03-10 15:40:04 default [Thread-15] INFO  c.n.e.r.PeerAwareInstanceRegistryImpl 242 - Renew threshold is: 1
2022-03-10 15:40:04 default [Thread-15] INFO  c.n.e.r.PeerAwareInstanceRegistryImpl 253 - Changing status to UP
2022-03-10 15:40:04 default [Thread-15] INFO  o.s.c.n.e.s.EurekaServerInitializerConfiguration 72 - Started Eureka Server
2022-03-10 15:40:04 default [main] INFO  o.s.b.w.e.tomcat.TomcatWebServer 202 - Tomcat started on port(s): 8088 (http) with context path ''
2022-03-10 15:40:04 default [main] INFO  o.s.c.n.e.s.EurekaAutoServiceRegistration 145 - Updating port to 8088
2022-03-10 15:40:04 default [main] INFO  c.jiang.eureka.JiangEurekaServiceApp 59 - Started JiangEurekaServiceApp in 2.923 seconds (JVM running for 3.338)
2022-03-10 15:40:04 default [RMI TCP Connection(2)-192.168.6.43] INFO  o.a.c.c.C.[Tomcat].[localhost].[/] 173 - Initializing Spring DispatcherServlet 'dispatcherServlet'
2022-03-10 15:40:04 default [RMI TCP Connection(2)-192.168.6.43] INFO  o.s.web.servlet.DispatcherServlet 525 - Initializing Servlet 'dispatcherServlet'
2022-03-10 15:40:04 default [RMI TCP Connection(2)-192.168.6.43] INFO  o.s.web.servlet.DispatcherServlet 547 - Completed initialization in 5 ms
2022-03-10 15:40:17 default [main] INFO  c.jiang.eureka.JiangEurekaServiceApp 652 - The following profiles are active: local
2022-03-10 15:40:17 default [main] WARN  o.s.boot.actuate.endpoint.EndpointId 131 - Endpoint ID 'service-registry' contains invalid characters, please migrate to a valid format.
2022-03-10 15:40:18 default [main] INFO  o.s.cloud.context.scope.GenericScope 295 - BeanFactory id=84c1aad1-c8de-34b8-9c44-dff0aecd6f06
2022-03-10 15:40:18 default [main] INFO  o.s.b.w.e.tomcat.TomcatWebServer 90 - Tomcat initialized with port(s): 8088 (http)
2022-03-10 15:40:18 default [main] INFO  o.a.catalina.core.StandardService 173 - Starting service [Tomcat]
2022-03-10 15:40:18 default [main] INFO  o.a.catalina.core.StandardEngine 173 - Starting Servlet engine: [Apache Tomcat/9.0.34]
2022-03-10 15:40:18 default [main] INFO  o.a.c.c.C.[Tomcat].[localhost].[/] 173 - Initializing Spring embedded WebApplicationContext
2022-03-10 15:40:18 default [main] INFO  o.s.web.context.ContextLoader 284 - Root WebApplicationContext: initialization completed in 1014 ms
2022-03-10 15:40:18 default [main] WARN  c.n.c.sources.URLConfigurationSource 121 - No URLs will be polled as dynamic configuration sources.
2022-03-10 15:40:18 default [main] INFO  c.n.c.sources.URLConfigurationSource 122 - To enable URLs as dynamic configuration sources, define System property archaius.configurationSource.additionalUrls or make config.properties available on classpath.
2022-03-10 15:40:18 default [main] INFO  c.n.config.DynamicPropertyFactory 281 - DynamicPropertyFactory is initialized with configuration sources: com.netflix.config.ConcurrentCompositeConfiguration@6e6d4780
2022-03-10 15:40:18 default [main] INFO  c.s.j.s.i.a.WebApplicationImpl 815 - Initiating Jersey application, version 'Jersey: 1.19.1 03/11/2016 02:08 PM'
2022-03-10 15:40:18 default [main] INFO  c.n.d.p.DiscoveryJerseyProvider 70 - Using JSON encoding codec LegacyJacksonJson
2022-03-10 15:40:18 default [main] INFO  c.n.d.p.DiscoveryJerseyProvider 71 - Using JSON decoding codec LegacyJacksonJson
2022-03-10 15:40:18 default [main] INFO  c.n.d.p.DiscoveryJerseyProvider 80 - Using XML encoding codec XStreamXml
2022-03-10 15:40:18 default [main] INFO  c.n.d.p.DiscoveryJerseyProvider 81 - Using XML decoding codec XStreamXml
2022-03-10 15:40:19 default [main] INFO  o.s.s.web.DefaultSecurityFilterChain 43 - Creating filter chain: any request, [org.springframework.security.web.context.request.async.WebAsyncManagerIntegrationFilter@566fe83c, org.springframework.security.web.context.SecurityContextPersistenceFilter@6b3f4bd8, org.springframework.security.web.header.HeaderWriterFilter@3c60c681, org.springframework.security.web.authentication.logout.LogoutFilter@70d3cdbf, org.springframework.security.web.authentication.www.BasicAuthenticationFilter@31228d83, org.springframework.security.web.savedrequest.RequestCacheAwareFilter@d70e9a, org.springframework.security.web.servletapi.SecurityContextHolderAwareRequestFilter@10bf1ec9, org.springframework.security.web.authentication.AnonymousAuthenticationFilter@743bb39a, org.springframework.security.web.session.SessionManagementFilter@36211bbc, org.springframework.security.web.access.ExceptionTranslationFilter@28367da7, org.springframework.security.web.access.intercept.FilterSecurityInterceptor@750cd36d]
2022-03-10 15:40:19 default [main] WARN  c.n.c.sources.URLConfigurationSource 121 - No URLs will be polled as dynamic configuration sources.
2022-03-10 15:40:19 default [main] INFO  c.n.c.sources.URLConfigurationSource 122 - To enable URLs as dynamic configuration sources, define System property archaius.configurationSource.additionalUrls or make config.properties available on classpath.
2022-03-10 15:40:19 default [main] INFO  o.s.s.c.ThreadPoolTaskExecutor 171 - Initializing ExecutorService 'applicationTaskExecutor'
2022-03-10 15:40:19 default [main] INFO  o.s.c.n.eureka.InstanceInfoFactory 72 - Setting initial instance status as: STARTING
2022-03-10 15:40:19 default [main] INFO  c.netflix.discovery.DiscoveryClient 365 - Initializing Eureka in region us-east-1
2022-03-10 15:40:19 default [main] INFO  c.netflix.discovery.DiscoveryClient 368 - Client configured to neither register nor query for data.
2022-03-10 15:40:19 default [main] INFO  c.netflix.discovery.DiscoveryClient 381 - Discovery Client initialized at timestamp 1646898019629 with initial instances count: 0
2022-03-10 15:40:19 default [main] INFO  c.n.e.DefaultEurekaServerContext 63 - Initializing ...
2022-03-10 15:40:19 default [main] WARN  c.n.eureka.cluster.PeerEurekaNodes 155 - The replica size seems to be empty. Check the route 53 DNS Registry
2022-03-10 15:40:19 default [main] INFO  c.n.e.r.AbstractInstanceRegistry 151 - Finished initializing remote region registries. All known remote regions: []
2022-03-10 15:40:19 default [main] INFO  c.n.e.DefaultEurekaServerContext 70 - Initialized
2022-03-10 15:40:19 default [main] INFO  o.s.b.a.e.web.EndpointLinksResolver 58 - Exposing 2 endpoint(s) beneath base path '/actuator'
2022-03-10 15:40:19 default [main] INFO  o.s.c.n.e.s.EurekaServiceRegistry 41 - Registering application EUREKA-SERVICE with eureka with status UP
2022-03-10 15:40:19 default [Thread-16] INFO  o.s.c.n.e.s.EurekaServerBootstrap 110 - Setting the eureka configuration..
2022-03-10 15:40:19 default [Thread-16] INFO  o.s.c.n.e.s.EurekaServerBootstrap 115 - Eureka data center value eureka.datacenter is not set, defaulting to default
2022-03-10 15:40:19 default [Thread-16] INFO  o.s.c.n.e.s.EurekaServerBootstrap 129 - Eureka environment value eureka.environment is not set, defaulting to test
2022-03-10 15:40:19 default [Thread-16] INFO  o.s.c.n.e.s.EurekaServerBootstrap 188 - isAws returned false
2022-03-10 15:40:19 default [Thread-16] INFO  o.s.c.n.e.s.EurekaServerBootstrap 153 - Initialized server context
2022-03-10 15:40:19 default [Thread-16] INFO  c.n.e.r.PeerAwareInstanceRegistryImpl 241 - Got 1 instances from neighboring DS node
2022-03-10 15:40:19 default [Thread-16] INFO  c.n.e.r.PeerAwareInstanceRegistryImpl 242 - Renew threshold is: 1
2022-03-10 15:40:19 default [Thread-16] INFO  c.n.e.r.PeerAwareInstanceRegistryImpl 253 - Changing status to UP
2022-03-10 15:40:19 default [Thread-16] INFO  o.s.c.n.e.s.EurekaServerInitializerConfiguration 72 - Started Eureka Server
2022-03-10 15:40:19 default [main] INFO  o.s.b.w.e.tomcat.TomcatWebServer 202 - Tomcat started on port(s): 8088 (http) with context path ''
2022-03-10 15:40:19 default [main] INFO  o.s.c.n.e.s.EurekaAutoServiceRegistration 145 - Updating port to 8088
2022-03-10 15:40:19 default [main] INFO  c.jiang.eureka.JiangEurekaServiceApp 59 - Started JiangEurekaServiceApp in 3.073 seconds (JVM running for 3.471)
2022-03-10 15:40:20 default [RMI TCP Connection(1)-192.168.6.43] INFO  o.a.c.c.C.[Tomcat].[localhost].[/] 173 - Initializing Spring DispatcherServlet 'dispatcherServlet'
2022-03-10 15:40:20 default [RMI TCP Connection(1)-192.168.6.43] INFO  o.s.web.servlet.DispatcherServlet 525 - Initializing Servlet 'dispatcherServlet'
2022-03-10 15:40:20 default [RMI TCP Connection(1)-192.168.6.43] INFO  o.s.web.servlet.DispatcherServlet 547 - Completed initialization in 6 ms
2022-03-10 15:40:38 default [http-nio-8088-exec-9] INFO  c.n.e.r.AbstractInstanceRegistry 266 - Registered instance SELECTKEY-SERVICE/127.0.0.1:selectKey-service:8080 with status UP (replication=false)
2022-03-10 15:41:19 default [Eureka-EvictionTimer] INFO  c.n.e.r.AbstractInstanceRegistry 1250 - Running the evict task with compensationTime 0ms
2022-03-10 15:42:19 default [Eureka-EvictionTimer] INFO  c.n.e.r.AbstractInstanceRegistry 1250 - Running the evict task with compensationTime 9ms
